<?xml version="1.0" encoding="UTF-8"?>
<!-- Generated by org.testng.reporters.JUnitXMLReporter -->
<testsuite hostname="PRATIK" failures="1" tests="1" name="Test(failed)" time="8.805" errors="0" timestamp="24 Mar 2022 15:56:43 GMT">
  <testcase classname="seleniumDay20_Parameterization.ParameterizationDemo" name="loginTest3" time="8.777">
    <failure type="java.lang.AssertionError" message="null">
      <![CDATA[java.lang.AssertionError: null
	at seleniumDay20_Parameterization.ParameterizationDemo.loginTest3(ParameterizationDemo.java:58)
... Removed 26 stack frames]]>
    </failure>
  </testcase> <!-- loginTest3 -->
</testsuite> <!-- Test(failed) -->
